2023-07-12T13:56:31+00:00 CRITICAL Uncaught ValueError: strrpos(): Argument #3 ($offset) must be contained in argument #1 ($haystack) in C:\xampp\htdocs\wordride\wp-content\plugins\revslider\includes\functions.class.php:363
Stack trace:
#0 C:\xampp\htdocs\wordride\wp-content\plugins\revslider\includes\functions.class.php(363): strrpos('', '.', -1)
#1 C:\xampp\htdocs\wordride\wp-content\plugins\revslider\includes\slide.class.php(2201): RevSliderFunctions->check_valid_image(false)
#2 C:\xampp\htdocs\wordride\wp-content\plugins\revslider\includes\slider.class.php(2085): RevSliderSlide->get_overview_image_attributes('gallery')
#3 C:\xampp\htdocs\wordride\wp-content\plugins\revslider\admin\revslider-admin.class.php(708): RevSliderSlider->get_overview_data()
#4 C:\xampp\htdocs\wordride\wp-includes\class-wp-hook.php(308): RevSliderAdmin->do_ajax_action('')
#5 C:\xampp\htdocs\wordride\wp-includes\class-wp-hook.php(332): WP_Hook->apply_filters('', Array)
#6 C:\xampp\htdocs\wordride\wp-includes\plugin.php(517): WP_Hook->do_action(Array)
#7 C:\xampp\htdocs\wordride\wp-admin\admin-ajax.php(188): do_action('wp_ajax_revslid...')
#8 {main}
  thrown in C:\xampp\htdocs\wordride\wp-content\plugins\revslider\includes\functions.class.php on line 363

2023-07-12T13:58:02+00:00 CRITICAL Uncaught ValueError: strrpos(): Argument #3 ($offset) must be contained in argument #1 ($haystack) in C:\xampp\htdocs\wordride\wp-content\plugins\revslider\includes\functions.class.php:363
Stack trace:
#0 C:\xampp\htdocs\wordride\wp-content\plugins\revslider\includes\functions.class.php(363): strrpos('', '.', -1)
#1 C:\xampp\htdocs\wordride\wp-content\plugins\revslider\includes\slide.class.php(2201): RevSliderFunctions->check_valid_image(false)
#2 C:\xampp\htdocs\wordride\wp-content\plugins\revslider\includes\slider.class.php(2085): RevSliderSlide->get_overview_image_attributes('gallery')
#3 C:\xampp\htdocs\wordride\wp-content\plugins\revslider\admin\revslider-admin.class.php(708): RevSliderSlider->get_overview_data()
#4 C:\xampp\htdocs\wordride\wp-includes\class-wp-hook.php(308): RevSliderAdmin->do_ajax_action('')
#5 C:\xampp\htdocs\wordride\wp-includes\class-wp-hook.php(332): WP_Hook->apply_filters('', Array)
#6 C:\xampp\htdocs\wordride\wp-includes\plugin.php(517): WP_Hook->do_action(Array)
#7 C:\xampp\htdocs\wordride\wp-admin\admin-ajax.php(188): do_action('wp_ajax_revslid...')
#8 {main}
  thrown in C:\xampp\htdocs\wordride\wp-content\plugins\revslider\includes\functions.class.php on line 363

2023-07-12T14:01:19+00:00 CRITICAL Uncaught ValueError: strrpos(): Argument #3 ($offset) must be contained in argument #1 ($haystack) in C:\xampp\htdocs\wordride\wp-content\plugins\revslider\includes\functions.class.php:363
Stack trace:
#0 C:\xampp\htdocs\wordride\wp-content\plugins\revslider\includes\functions.class.php(363): strrpos('', '.', -1)
#1 C:\xampp\htdocs\wordride\wp-content\plugins\revslider\includes\slide.class.php(2201): RevSliderFunctions->check_valid_image(false)
#2 C:\xampp\htdocs\wordride\wp-content\plugins\revslider\includes\slider.class.php(2085): RevSliderSlide->get_overview_image_attributes('gallery')
#3 C:\xampp\htdocs\wordride\wp-content\plugins\revslider\admin\includes\functions-admin.class.php(175): RevSliderSlider->get_overview_data()
#4 C:\xampp\htdocs\wordride\wp-content\plugins\revslider\admin\includes\functions-admin.class.php(116): RevSliderFunctionsAdmin->get_slider_overview()
#5 C:\xampp\htdocs\wordride\wp-content\plugins\revslider\admin\views\header.php(11): RevSliderFunctionsAdmin->get_short_library()
#6 C:\xampp\htdocs\wordride\wp-content\plugins\revslider\admin\revslider-admin.class.php(2215): require('C:\\xampp\\htdocs...')
#7 C:\xampp\htdocs\wordride\wp-includes\class-wp-hook.php(308): RevSliderAdmin->display_admin_page('')
#8 C:\xampp\htdocs\wordride\wp-includes\class-wp-hook.php(332): WP_Hook->apply_filters('', Array)
#9 C:\xampp\htdocs\wordride\wp-includes\plugin.php(517): WP_Hook->do_action(Array)
#10 C:\xampp\htdocs\wordride\wp-admin\admin.php(259): do_action('toplevel_page_r...')
#11 {main}
  thrown in C:\xampp\htdocs\wordride\wp-content\plugins\revslider\includes\functions.class.php on line 363

2023-07-12T14:01:52+00:00 CRITICAL Uncaught ValueError: strrpos(): Argument #3 ($offset) must be contained in argument #1 ($haystack) in C:\xampp\htdocs\wordride\wp-content\plugins\revslider\includes\functions.class.php:363
Stack trace:
#0 C:\xampp\htdocs\wordride\wp-content\plugins\revslider\includes\functions.class.php(363): strrpos('', '.', -1)
#1 C:\xampp\htdocs\wordride\wp-content\plugins\revslider\includes\slide.class.php(2201): RevSliderFunctions->check_valid_image(false)
#2 C:\xampp\htdocs\wordride\wp-content\plugins\revslider\includes\slider.class.php(2085): RevSliderSlide->get_overview_image_attributes('gallery')
#3 C:\xampp\htdocs\wordride\wp-content\plugins\revslider\admin\includes\functions-admin.class.php(175): RevSliderSlider->get_overview_data()
#4 C:\xampp\htdocs\wordride\wp-content\plugins\revslider\admin\includes\functions-admin.class.php(116): RevSliderFunctionsAdmin->get_slider_overview()
#5 C:\xampp\htdocs\wordride\wp-content\plugins\revslider\admin\views\header.php(11): RevSliderFunctionsAdmin->get_short_library()
#6 C:\xampp\htdocs\wordride\wp-content\plugins\revslider\admin\revslider-admin.class.php(2215): require('C:\\xampp\\htdocs...')
#7 C:\xampp\htdocs\wordride\wp-includes\class-wp-hook.php(308): RevSliderAdmin->display_admin_page('')
#8 C:\xampp\htdocs\wordride\wp-includes\class-wp-hook.php(332): WP_Hook->apply_filters('', Array)
#9 C:\xampp\htdocs\wordride\wp-includes\plugin.php(517): WP_Hook->do_action(Array)
#10 C:\xampp\htdocs\wordride\wp-admin\admin.php(259): do_action('toplevel_page_r...')
#11 {main}
  thrown in C:\xampp\htdocs\wordride\wp-content\plugins\revslider\includes\functions.class.php on line 363

2023-07-12T14:03:32+00:00 CRITICAL Uncaught ValueError: strrpos(): Argument #3 ($offset) must be contained in argument #1 ($haystack) in C:\xampp\htdocs\wordride\wp-content\plugins\revslider\includes\functions.class.php:363
Stack trace:
#0 C:\xampp\htdocs\wordride\wp-content\plugins\revslider\includes\functions.class.php(363): strrpos('', '.', -1)
#1 C:\xampp\htdocs\wordride\wp-content\plugins\revslider\includes\slide.class.php(2201): RevSliderFunctions->check_valid_image(false)
#2 C:\xampp\htdocs\wordride\wp-content\plugins\revslider\includes\slider.class.php(2085): RevSliderSlide->get_overview_image_attributes('gallery')
#3 C:\xampp\htdocs\wordride\wp-content\plugins\revslider\admin\includes\functions-admin.class.php(175): RevSliderSlider->get_overview_data()
#4 C:\xampp\htdocs\wordride\wp-content\plugins\revslider\admin\includes\functions-admin.class.php(116): RevSliderFunctionsAdmin->get_slider_overview()
#5 C:\xampp\htdocs\wordride\wp-content\plugins\revslider\admin\views\header.php(11): RevSliderFunctionsAdmin->get_short_library()
#6 C:\xampp\htdocs\wordride\wp-content\plugins\revslider\admin\revslider-admin.class.php(2215): require('C:\\xampp\\htdocs...')
#7 C:\xampp\htdocs\wordride\wp-includes\class-wp-hook.php(308): RevSliderAdmin->display_admin_page('')
#8 C:\xampp\htdocs\wordride\wp-includes\class-wp-hook.php(332): WP_Hook->apply_filters('', Array)
#9 C:\xampp\htdocs\wordride\wp-includes\plugin.php(517): WP_Hook->do_action(Array)
#10 C:\xampp\htdocs\wordride\wp-admin\admin.php(259): do_action('toplevel_page_r...')
#11 {main}
  thrown in C:\xampp\htdocs\wordride\wp-content\plugins\revslider\includes\functions.class.php on line 363

2023-07-12T14:05:36+00:00 CRITICAL Uncaught ValueError: strrpos(): Argument #3 ($offset) must be contained in argument #1 ($haystack) in C:\xampp\htdocs\wordride\wp-content\plugins\revslider\includes\functions.class.php:363
Stack trace:
#0 C:\xampp\htdocs\wordride\wp-content\plugins\revslider\includes\functions.class.php(363): strrpos('', '.', -1)
#1 C:\xampp\htdocs\wordride\wp-content\plugins\revslider\includes\slide.class.php(2201): RevSliderFunctions->check_valid_image(false)
#2 C:\xampp\htdocs\wordride\wp-content\plugins\revslider\includes\slider.class.php(2085): RevSliderSlide->get_overview_image_attributes('gallery')
#3 C:\xampp\htdocs\wordride\wp-content\plugins\revslider\admin\includes\functions-admin.class.php(175): RevSliderSlider->get_overview_data()
#4 C:\xampp\htdocs\wordride\wp-content\plugins\revslider\admin\includes\functions-admin.class.php(116): RevSliderFunctionsAdmin->get_slider_overview()
#5 C:\xampp\htdocs\wordride\wp-content\plugins\revslider\admin\views\header.php(11): RevSliderFunctionsAdmin->get_short_library()
#6 C:\xampp\htdocs\wordride\wp-content\plugins\revslider\admin\revslider-admin.class.php(2215): require('C:\\xampp\\htdocs...')
#7 C:\xampp\htdocs\wordride\wp-includes\class-wp-hook.php(308): RevSliderAdmin->display_admin_page('')
#8 C:\xampp\htdocs\wordride\wp-includes\class-wp-hook.php(332): WP_Hook->apply_filters('', Array)
#9 C:\xampp\htdocs\wordride\wp-includes\plugin.php(517): WP_Hook->do_action(Array)
#10 C:\xampp\htdocs\wordride\wp-admin\admin.php(259): do_action('toplevel_page_r...')
#11 {main}
  thrown in C:\xampp\htdocs\wordride\wp-content\plugins\revslider\includes\functions.class.php on line 363

2023-07-12T14:06:28+00:00 CRITICAL Uncaught ValueError: strrpos(): Argument #3 ($offset) must be contained in argument #1 ($haystack) in C:\xampp\htdocs\wordride\wp-content\plugins\revslider\includes\functions.class.php:363
Stack trace:
#0 C:\xampp\htdocs\wordride\wp-content\plugins\revslider\includes\functions.class.php(363): strrpos('', '.', -1)
#1 C:\xampp\htdocs\wordride\wp-content\plugins\revslider\includes\slide.class.php(2201): RevSliderFunctions->check_valid_image(false)
#2 C:\xampp\htdocs\wordride\wp-content\plugins\revslider\includes\slider.class.php(2085): RevSliderSlide->get_overview_image_attributes('gallery')
#3 C:\xampp\htdocs\wordride\wp-content\plugins\revslider\admin\includes\functions-admin.class.php(175): RevSliderSlider->get_overview_data()
#4 C:\xampp\htdocs\wordride\wp-content\plugins\revslider\admin\includes\functions-admin.class.php(116): RevSliderFunctionsAdmin->get_slider_overview()
#5 C:\xampp\htdocs\wordride\wp-content\plugins\revslider\admin\views\header.php(11): RevSliderFunctionsAdmin->get_short_library()
#6 C:\xampp\htdocs\wordride\wp-content\plugins\revslider\admin\revslider-admin.class.php(2215): require('C:\\xampp\\htdocs...')
#7 C:\xampp\htdocs\wordride\wp-includes\class-wp-hook.php(308): RevSliderAdmin->display_admin_page('')
#8 C:\xampp\htdocs\wordride\wp-includes\class-wp-hook.php(332): WP_Hook->apply_filters('', Array)
#9 C:\xampp\htdocs\wordride\wp-includes\plugin.php(517): WP_Hook->do_action(Array)
#10 C:\xampp\htdocs\wordride\wp-admin\admin.php(259): do_action('toplevel_page_r...')
#11 {main}
  thrown in C:\xampp\htdocs\wordride\wp-content\plugins\revslider\includes\functions.class.php on line 363

2023-07-12T14:14:09+00:00 CRITICAL Uncaught ValueError: strrpos(): Argument #3 ($offset) must be contained in argument #1 ($haystack) in C:\xampp\htdocs\wordride\wp-content\plugins\revslider\includes\functions.class.php:363
Stack trace:
#0 C:\xampp\htdocs\wordride\wp-content\plugins\revslider\includes\functions.class.php(363): strrpos('', '.', -1)
#1 C:\xampp\htdocs\wordride\wp-content\plugins\revslider\includes\slide.class.php(2201): RevSliderFunctions->check_valid_image(false)
#2 C:\xampp\htdocs\wordride\wp-content\plugins\revslider\includes\slider.class.php(2085): RevSliderSlide->get_overview_image_attributes('gallery')
#3 C:\xampp\htdocs\wordride\wp-content\plugins\revslider\admin\includes\functions-admin.class.php(175): RevSliderSlider->get_overview_data()
#4 C:\xampp\htdocs\wordride\wp-content\plugins\revslider\admin\includes\functions-admin.class.php(116): RevSliderFunctionsAdmin->get_slider_overview()
#5 C:\xampp\htdocs\wordride\wp-content\plugins\revslider\admin\views\header.php(11): RevSliderFunctionsAdmin->get_short_library()
#6 C:\xampp\htdocs\wordride\wp-content\plugins\revslider\admin\revslider-admin.class.php(2215): require('C:\\xampp\\htdocs...')
#7 C:\xampp\htdocs\wordride\wp-includes\class-wp-hook.php(308): RevSliderAdmin->display_admin_page('')
#8 C:\xampp\htdocs\wordride\wp-includes\class-wp-hook.php(332): WP_Hook->apply_filters('', Array)
#9 C:\xampp\htdocs\wordride\wp-includes\plugin.php(517): WP_Hook->do_action(Array)
#10 C:\xampp\htdocs\wordride\wp-admin\admin.php(259): do_action('toplevel_page_r...')
#11 {main}
  thrown in C:\xampp\htdocs\wordride\wp-content\plugins\revslider\includes\functions.class.php on line 363

