2023-07-16T00:22:33+00:00 CRITICAL Uncaught TypeError: implode(): Argument #2 ($array) must be of type ?array, string given in C:\xampp\htdocs\wordride\wp-content\plugins\essential-grid\public\essential-grid.class.php:4399
Stack trace:
#0 C:\xampp\htdocs\wordride\wp-content\plugins\essential-grid\public\essential-grid.class.php(4399): implode(Array, '","')
#1 C:\xampp\htdocs\wordride\wp-content\plugins\essential-grid\public\essential-grid.class.php(2519): Essential_Grid->output_grid_javascript(true)
#2 C:\xampp\htdocs\wordride\wp-content\plugins\essential-grid\public\essential-grid.class.php(1481): Essential_Grid->output_by_custom(false)
#3 C:\xampp\htdocs\wordride\wp-content\plugins\essential-grid\public\essential-grid.class.php(1218): Essential_Grid->output_essential_grid('3')
#4 C:\xampp\htdocs\wordride\wp-content\plugins\essential-grid\public\essential-grid.class.php(276): Essential_Grid->output_essential_grid_by_alias('Masonry')
#5 C:\xampp\htdocs\wordride\wp-includes\shortcodes.php(355): Essential_Grid::register_shortcode(Array, '', 'ess_grid')
#6 [internal function]: do_shortcode_tag(Array)
#7 C:\xampp\htdocs\wordride\wp-includes\shortcodes.php(227): preg_replace_callback('/\\[(\\[?)(ess_gr...', 'do_shortcode_ta...', '[trx_sc_title t...')
#8 C:\xampp\htdocs\wordride\wp-content\plugins\js_composer\include\helpers\helpers.php(240): do_shortcode('[trx_sc_title t...')
#9 C:\xampp\htdocs\wordride\wp-content\plugins\js_composer\include\templates\shortcodes\vc_column.php(94): wpb_js_remove_wpautop('[trx_sc_title t...')
#10 C:\xampp\htdocs\wordride\wp-content\plugins\js_composer\include\classes\shortcodes\core\class-wpbakeryshortcode.php(267): require('C:\\xampp\\htdocs...')
#11 C:\xampp\htdocs\wordride\wp-content\plugins\js_composer\include\classes\shortcodes\core\class-wpbakeryshortcode.php(244): WPBakeryShortCode->loadTemplate(Array, '[trx_sc_title t...')
#12 C:\xampp\htdocs\wordride\wp-content\plugins\js_composer\include\classes\shortcodes\core\class-wpbakeryshortcode.php(362): WPBakeryShortCode->content(Array, '[trx_sc_title t...')
#13 C:\xampp\htdocs\wordride\wp-content\plugins\js_composer\include\helpers\helpers.php(1316): WPBakeryShortCode->output(Array, '[trx_sc_title t...')
#14 C:\xampp\htdocs\wordride\wp-includes\shortcodes.php(355): vc_do_shortcode(Array, '[trx_sc_title t...', 'vc_column')
#15 [internal function]: do_shortcode_tag(Array)
#16 C:\xampp\htdocs\wordride\wp-includes\shortcodes.php(227): preg_replace_callback('/\\[(\\[?)(ess_gr...', 'do_shortcode_ta...', '[vc_column icon...')
#17 C:\xampp\htdocs\wordride\wp-content\plugins\js_composer\include\helpers\helpers.php(240): do_shortcode('[vc_column icon...')
#18 C:\xampp\htdocs\wordride\wp-content\plugins\js_composer\include\templates\shortcodes\vc_row.php(156): wpb_js_remove_wpautop('[vc_column icon...')
#19 C:\xampp\htdocs\wordride\wp-content\plugins\js_composer\include\classes\shortcodes\core\class-wpbakeryshortcode.php(267): require('C:\\xampp\\htdocs...')
#20 C:\xampp\htdocs\wordride\wp-content\plugins\js_composer\include\classes\shortcodes\vc-row.php(40): WPBakeryShortCode->loadTemplate(Array, '[vc_column icon...')
#21 C:\xampp\htdocs\wordride\wp-content\plugins\js_composer\include\classes\shortcodes\core\class-wpbakeryshortcode.php(362): WPBakeryShortCode_Vc_Row->content(Array, '[vc_column icon...')
#22 C:\xampp\htdocs\wordride\wp-content\plugins\js_composer\include\helpers\helpers.php(1316): WPBakeryShortCode->output('', '[vc_column icon...')
#23 C:\xampp\htdocs\wordride\wp-includes\shortcodes.php(355): vc_do_shortcode('', '[vc_column icon...', 'vc_row')
#24 [internal function]: do_shortcode_tag(Array)
#25 C:\xampp\htdocs\wordride\wp-includes\shortcodes.php(227): preg_replace_callback('/\\[(\\[?)(ess_gr...', 'do_shortcode_ta...', '[vc_row][vc_col...')
#26 C:\xampp\htdocs\wordride\wp-includes\class-wp-hook.php(308): do_shortcode('[vc_row][vc_col...')
#27 C:\xampp\htdocs\wordride\wp-includes\plugin.php(205): WP_Hook->apply_filters('[vc_row][vc_col...', Array)
#28 C:\xampp\htdocs\wordride\wp-includes\post-template.php(255): apply_filters('the_content', '[vc_row][vc_col...')
#29 C:\xampp\htdocs\wordride\wp-content\themes\raiderspirit\content-page.php(44): the_content()
#30 C:\xampp\htdocs\wordride\wp-includes\template.php(785): require('C:\\xampp\\htdocs...')
#31 C:\xampp\htdocs\wordride\wp-includes\template.php(718): load_template('C:\\xampp\\htdocs...', false, Array)
#32 C:\xampp\htdocs\wordride\wp-includes\general-template.php(204): locate_template(Array, true, false, Array)
#33 C:\xampp\htdocs\wordride\wp-content\themes\raiderspirit\page.php(14): get_template_part('content', 'page')
#34 C:\xampp\htdocs\wordride\wp-includes\template-loader.php(106): include('C:\\xampp\\htdocs...')
#35 C:\xampp\htdocs\wordride\wp-blog-header.php(19): require_once('C:\\xampp\\htdocs...')
#36 C:\xampp\htdocs\wordride\index.php(17): require('C:\\xampp\\htdocs...')
#37 {main}
  thrown in C:\xampp\htdocs\wordride\wp-content\plugins\essential-grid\public\essential-grid.class.php on line 4399

